<?xml version="1.0" encoding="UTF-8"?>
<testng-results skipped="0" failed="1" ignored="1" total="6" passed="4">
  <reporter-output>
  </reporter-output>
  <suite name="Default suite" duration-ms="317886" started-at="2020-12-29T21:02:01 IST" finished-at="2020-12-29T21:07:19 IST">
    <groups>
    </groups>
    <test name="Default test" duration-ms="317886" started-at="2020-12-29T21:02:01 IST" finished-at="2020-12-29T21:07:19 IST">
      <class name="practise.khanacademy.TestScenarios">
        <test-method status="PASS" signature="beforetest()[pri:0, instance:practise.khanacademy.TestScenarios@6a1aab78]" name="beforetest" is-config="true" duration-ms="2101" started-at="2020-12-29T21:02:01 IST" finished-at="2020-12-29T21:02:03 IST">
          <reporter-output>
          </reporter-output>
        </test-method> <!-- beforetest -->
        <test-method status="PASS" signature="tc1()[pri:0, instance:practise.khanacademy.TestScenarios@6a1aab78]" name="tc1" duration-ms="210251" started-at="2020-12-29T21:02:04 IST" finished-at="2020-12-29T21:05:34 IST">
          <reporter-output>
          </reporter-output>
        </test-method> <!-- tc1 -->
        <test-method status="PASS" signature="tc2()[pri:0, instance:practise.khanacademy.TestScenarios@6a1aab78]" name="tc2" duration-ms="15651" started-at="2020-12-29T21:05:34 IST" finished-at="2020-12-29T21:05:49 IST">
          <reporter-output>
          </reporter-output>
        </test-method> <!-- tc2 -->
        <test-method status="FAIL" signature="tc3()[pri:0, instance:practise.khanacademy.TestScenarios@6a1aab78]" name="tc3" duration-ms="23404" started-at="2020-12-29T21:05:50 IST" finished-at="2020-12-29T21:06:13 IST">
          <exception class="java.lang.IndexOutOfBoundsException">
            <message>
              <![CDATA[Index: 1, Size: 1]]>
            </message>
            <full-stacktrace>
              <![CDATA[java.lang.IndexOutOfBoundsException: Index: 1, Size: 1
at java.util.ArrayList.rangeCheck(Unknown Source)
at java.util.ArrayList.get(Unknown Source)
at practise.khanacademy.TestScenarios.tc3(TestScenarios.java:133)
at sun.reflect.NativeMethodAccessorImpl.invoke0(Native Method)
at sun.reflect.NativeMethodAccessorImpl.invoke(Unknown Source)
at sun.reflect.DelegatingMethodAccessorImpl.invoke(Unknown Source)
at java.lang.reflect.Method.invoke(Unknown Source)
at org.testng.internal.MethodInvocationHelper.invokeMethod(MethodInvocationHelper.java:132)
at org.testng.internal.TestInvoker.invokeMethod(TestInvoker.java:599)
at org.testng.internal.TestInvoker.invokeTestMethod(TestInvoker.java:174)
at org.testng.internal.MethodRunner.runInSequence(MethodRunner.java:46)
at org.testng.internal.TestInvoker$MethodInvocationAgent.invoke(TestInvoker.java:822)
at org.testng.internal.TestInvoker.invokeTestMethods(TestInvoker.java:147)
at org.testng.internal.TestMethodWorker.invokeTestMethods(TestMethodWorker.java:146)
at org.testng.internal.TestMethodWorker.run(TestMethodWorker.java:128)
at java.util.ArrayList.forEach(Unknown Source)
at org.testng.TestRunner.privateRun(TestRunner.java:764)
at org.testng.TestRunner.run(TestRunner.java:585)
at org.testng.SuiteRunner.runTest(SuiteRunner.java:384)
at org.testng.SuiteRunner.runSequentially(SuiteRunner.java:378)
at org.testng.SuiteRunner.privateRun(SuiteRunner.java:337)
at org.testng.SuiteRunner.run(SuiteRunner.java:286)
at org.testng.SuiteRunnerWorker.runSuite(SuiteRunnerWorker.java:53)
at org.testng.SuiteRunnerWorker.run(SuiteRunnerWorker.java:96)
at org.testng.TestNG.runSuitesSequentially(TestNG.java:1218)
at org.testng.TestNG.runSuitesLocally(TestNG.java:1140)
at org.testng.TestNG.runSuites(TestNG.java:1069)
at org.testng.TestNG.run(TestNG.java:1037)
at org.testng.remote.AbstractRemoteTestNG.run(AbstractRemoteTestNG.java:115)
at org.testng.remote.RemoteTestNG.initAndRun(RemoteTestNG.java:251)
at org.testng.remote.RemoteTestNG.main(RemoteTestNG.java:77)
]]>
            </full-stacktrace>
          </exception> <!-- java.lang.IndexOutOfBoundsException -->
          <reporter-output>
          </reporter-output>
        </test-method> <!-- tc3 -->
        <test-method status="PASS" signature="tc4()[pri:0, instance:practise.khanacademy.TestScenarios@6a1aab78]" name="tc4" duration-ms="53343" started-at="2020-12-29T21:06:13 IST" finished-at="2020-12-29T21:07:06 IST">
          <reporter-output>
          </reporter-output>
        </test-method> <!-- tc4 -->
        <test-method status="PASS" signature="tc5()[pri:0, instance:practise.khanacademy.TestScenarios@6a1aab78]" name="tc5" duration-ms="12858" started-at="2020-12-29T21:07:06 IST" finished-at="2020-12-29T21:07:19 IST">
          <reporter-output>
          </reporter-output>
        </test-method> <!-- tc5 -->
        <test-method status="PASS" signature="afterclass()[pri:0, instance:practise.khanacademy.TestScenarios@6a1aab78]" name="afterclass" is-config="true" duration-ms="84" started-at="2020-12-29T21:07:19 IST" finished-at="2020-12-29T21:07:19 IST">
          <reporter-output>
          </reporter-output>
        </test-method> <!-- afterclass -->
      </class> <!-- practise.khanacademy.TestScenarios -->
    </test> <!-- Default test -->
  </suite> <!-- Default suite -->
</testng-results>
